<?xml version="1.0" encoding="UTF-8"?>
<!-- Generated by org.testng.reporters.JUnitXMLReporter -->
<testsuite hostname="aspire1235" name="Aspire TA Generic Framework" tests="1" failures="1" timestamp="26 May 2017 05:04:56 GMT" time="699.312" errors="0">
  <testcase name="tcTAFrameworkJAVADemo01" time="687.306" classname="com.TAFrameworkJAVA.testscripts.demo.AspireTA_Java_Framework_Demo">
    <failure type="org.openqa.selenium.WebDriverException" message="An unknown server-side error occurred while processing the command. Original error: Could not proxy. Proxy error: Could not proxy command to remote server. Original error: Error: ESOCKETTIMEDOUT (WARNING: The server did not provide any stacktrace information)
Command duration or timeout: 240.51 seconds
Build info: version: &amp;apos;2.53.1&amp;apos;, revision: &amp;apos;a36b8b1cd5757287168e54b817830adce9b0158d&amp;apos;, time: &amp;apos;2016-06-30 19:26:09&amp;apos;
System info: host: &amp;apos;aspire1235&amp;apos;, ip: &amp;apos;172.24.130.58&amp;apos;, os.name: &amp;apos;Windows 7&amp;apos;, os.arch: &amp;apos;amd64&amp;apos;, os.version: &amp;apos;6.1&amp;apos;, java.version: &amp;apos;1.8.0_102&amp;apos;
Driver info: org.openqa.selenium.remote.RemoteWebDriver
Capabilities [{noReset=true, webdriver.remote.quietExceptions=true, deviceName=emulator-5554, platform=LINUX, deviceUDID=emulator-5554, desired={proxy={proxyAutoconfigUrl=http://127.0.0.1:19876/pac.js, proxyType=PAC}, orientation=PORTRAIT, noReset=true, maxTypingFrequency=8, newCommandTimeout=0, platformVersion=5.1, webdriver.remote.quietExceptions=true, browserName=browser, udid=emulator-5554, platformName=Android, eventTimings=true, deviceName=Android Emulator}, maxTypingFrequency=8, newCommandTimeout=0, platformVersion=5.1.1, webStorageEnabled=false, takesScreenshot=true, browserName=browser, javascriptEnabled=true, deviceManufacturer=unknown, platformName=Android, udid=emulator-5554, deviceScreenSize=480x800, orientation=PORTRAIT, networkConnectionEnabled=true, warnings={}, hasMetadata=true, databaseEnabled=false, proxy={proxyAutoconfigUrl=http://127.0.0.1:19876/pac.js, proxyType=PAC}, webdriver.remote.sessionid=d42be43ece99431fa0ade239c3c96df0, locationContextEnabled=false, deviceModel=Android SDK built for x86_64, eventTimings=true}]
Session ID: d42be43ece99431fa0ade239c3c96df0">
      <![CDATA[org.openqa.selenium.WebDriverException: An unknown server-side error occurred while processing the command. Original error: Could not proxy. Proxy error: Could not proxy command to remote server. Original error: Error: ESOCKETTIMEDOUT (WARNING: The server did not provide any stacktrace information)
Command duration or timeout: 240.51 seconds
Build info: version: '2.53.1', revision: 'a36b8b1cd5757287168e54b817830adce9b0158d', time: '2016-06-30 19:26:09'
System info: host: 'aspire1235', ip: '172.24.130.58', os.name: 'Windows 7', os.arch: 'amd64', os.version: '6.1', java.version: '1.8.0_102'
Driver info: org.openqa.selenium.remote.RemoteWebDriver
Capabilities [{noReset=true, webdriver.remote.quietExceptions=true, deviceName=emulator-5554, platform=LINUX, deviceUDID=emulator-5554, desired={proxy={proxyAutoconfigUrl=http://127.0.0.1:19876/pac.js, proxyType=PAC}, orientation=PORTRAIT, noReset=true, maxTypingFrequency=8, newCommandTimeout=0, platformVersion=5.1, webdriver.remote.quietExceptions=true, browserName=browser, udid=emulator-5554, platformName=Android, eventTimings=true, deviceName=Android Emulator}, maxTypingFrequency=8, newCommandTimeout=0, platformVersion=5.1.1, webStorageEnabled=false, takesScreenshot=true, browserName=browser, javascriptEnabled=true, deviceManufacturer=unknown, platformName=Android, udid=emulator-5554, deviceScreenSize=480x800, orientation=PORTRAIT, networkConnectionEnabled=true, warnings={}, hasMetadata=true, databaseEnabled=false, proxy={proxyAutoconfigUrl=http://127.0.0.1:19876/pac.js, proxyType=PAC}, webdriver.remote.sessionid=d42be43ece99431fa0ade239c3c96df0, locationContextEnabled=false, deviceModel=Android SDK built for x86_64, eventTimings=true}]
Session ID: d42be43ece99431fa0ade239c3c96df0
	at sun.reflect.NativeConstructorAccessorImpl.newInstance0(Native Method)
	at sun.reflect.NativeConstructorAccessorImpl.newInstance(NativeConstructorAccessorImpl.java:62)
	at sun.reflect.DelegatingConstructorAccessorImpl.newInstance(DelegatingConstructorAccessorImpl.java:45)
	at java.lang.reflect.Constructor.newInstance(Constructor.java:423)
	at org.openqa.selenium.remote.ErrorHandler.createThrowable(ErrorHandler.java:206)
	at org.openqa.selenium.remote.ErrorHandler.throwIfResponseFailed(ErrorHandler.java:158)
	at org.openqa.selenium.remote.RemoteWebDriver.execute(RemoteWebDriver.java:678)
	at org.openqa.selenium.remote.RemoteWebDriver.execute(RemoteWebDriver.java:701)
	at org.openqa.selenium.remote.RemoteWebDriver.getScreenshotAs(RemoteWebDriver.java:335)
	at com.TAFrameworkJAVA.support.ScreenshotManager.takeScreenshot(ScreenshotManager.java:26)
	at com.TAFrameworkJAVA.support.Log.takeScreenShot(Log.java:130)
	at com.TAFrameworkJAVA.support.Log.exception(Log.java:682)
	at com.TAFrameworkJAVA.testscripts.demo.AspireTA_Java_Framework_Demo.tcTAFrameworkJAVADemo01(AspireTA_Java_Framework_Demo.java:58)
	at sun.reflect.NativeMethodAccessorImpl.invoke0(Native Method)
	at sun.reflect.NativeMethodAccessorImpl.invoke(NativeMethodAccessorImpl.java:62)
	at sun.reflect.DelegatingMethodAccessorImpl.invoke(DelegatingMethodAccessorImpl.java:43)
	at java.lang.reflect.Method.invoke(Method.java:498)
	at org.testng.internal.MethodInvocationHelper.invokeMethod(MethodInvocationHelper.java:85)
	at org.testng.internal.Invoker.invokeMethod(Invoker.java:659)
	at org.testng.internal.Invoker.invokeTestMethod(Invoker.java:845)
	at org.testng.internal.TestMethodWithDataProviderMethodWorker.call(TestMethodWithDataProviderMethodWorker.java:75)
	at org.testng.internal.TestMethodWithDataProviderMethodWorker.call(TestMethodWithDataProviderMethodWorker.java:14)
	at java.util.concurrent.FutureTask.run(FutureTask.java:266)
	at java.util.concurrent.Executors$RunnableAdapter.call(Executors.java:511)
	at java.util.concurrent.FutureTask.run(FutureTask.java:266)
	at java.util.concurrent.ThreadPoolExecutor.runWorker(ThreadPoolExecutor.java:1142)
	at java.util.concurrent.ThreadPoolExecutor$Worker.run(ThreadPoolExecutor.java:617)
	at java.lang.Thread.run(Thread.java:745)
]]>
    </failure>
  </testcase> <!-- tcTAFrameworkJAVADemo01 -->
</testsuite> <!-- Aspire TA Generic Framework -->
