<?xml version="1.0" encoding="UTF-8"?>
<testng-results skipped="0" failed="1" total="1" passed="0">
  <reporter-output>
    <line>
      <![CDATA[&emsp;<div class="test-title"> <strong><font size = "3" color = "#000080">Sample test[Browser&5.1&Android || GOOGLE ]</font> </strong> </div>&emsp;<div><strong>Steps:</strong></div><!-- Report -->&emsp;]]>
    </line>
    <line>
      <![CDATA[<div class="test-event"> <font color="maroon"> <small> &emsp; &emsp;--- 26 May 10:26:39 665 - Page URL:: https://www.google.com/</small> </font> </div>]]>
    </line>
    <line>
      <![CDATA[<div class="test-event"> <font color="maroon"> <small> &emsp; &emsp;--- 26 May 10:26:42 478 - Page URL:: https://www.google.com/</small> </font> </div>]]>
    </line>
    <line>
      <![CDATA[<div class="test-event"> <font color="maroon"> <small> &emsp; &emsp;--- 26 May 10:26:43 770 - Element is displayed:: [[RemoteWebDriver: browser on LINUX (d42be43ece99431fa0ade239c3c96df0)] -> css selector: #lst-ib]</small> </font> </div>]]>
    </line>
    <line>
      <![CDATA[<div class="test-message">&emsp;Step 1. Navigated to 'google' Home Page!</div>]]>
    </line>
    <line>
      <![CDATA[<div class="test-event"> <font color="maroon"> <small> &emsp; &emsp;--- 26 May 10:26:44 701 - Element is displayed:: [[RemoteWebDriver: browser on LINUX (d42be43ece99431fa0ade239c3c96df0)] -> css selector: #lst-ib]</small> </font> </div>]]>
    </line>
    <line>
      <![CDATA[<div class="test-event"> <font color="maroon"> <small> &emsp; &emsp;--- 26 May 10:26:47 576 - Element is displayed:: [[RemoteWebDriver: browser on LINUX (d42be43ece99431fa0ade239c3c96df0)] -> css selector: div.sbico]</small> </font> </div>]]>
    </line>
    <line>
      <![CDATA[<div class="test-event"> <font color="maroon"> <small> &emsp; &emsp;--- 26 May 10:26:54 412 - Page URL:: https://www.google.com/search?site=&source=hp&ei=g7unwcttj4we0wktrzcocw&q=text&oq=text&gs_l=mobile-gws-hp.12..0l5.9674.9793.0.11589.5.4.0.1.1.0.170.489.2j2.4.0.crnk_qsd...0...1..64.mobile-gws-hp..2.2.320.0..0i131k1.zqwzrx59nta</small> </font> </div>]]>
    </line>
  </reporter-output>
  <suite name="AFTA_DEMO" duration-ms="699312" started-at="2017-05-26T04:53:16Z" finished-at="2017-05-26T05:04:56Z">
    <groups>
    </groups>
    <test name="Aspire TA Generic Framework" duration-ms="699312" started-at="2017-05-26T04:53:16Z" finished-at="2017-05-26T05:04:56Z">
      <class name="com.TAFrameworkJAVA.testscripts.demo.AspireTA_Java_Framework_Demo">
        <test-method status="PASS" signature="beforeSuite()[pri:0, instance:com.TAFrameworkJAVA.testscripts.demo.AspireTA_Java_Framework_Demo@65e98b1c]" name="beforeSuite" is-config="true" duration-ms="305" started-at="2017-05-26T10:23:16Z" finished-at="2017-05-26T10:23:16Z">
          <reporter-output>
          </reporter-output>
        </test-method> <!-- beforeSuite -->
        <test-method status="PASS" signature="init(org.testng.ITestContext)[pri:0, instance:com.TAFrameworkJAVA.testscripts.demo.AspireTA_Java_Framework_Demo@65e98b1c]" name="init" is-config="true" duration-ms="0" started-at="2017-05-26T10:23:16Z" finished-at="2017-05-26T10:23:16Z">
          <params>
            <param index="0">
              <value>
                <![CDATA[org.testng.TestRunner@6f615782]]>
              </value>
            </param>
          </params>
          <reporter-output>
          </reporter-output>
        </test-method> <!-- init -->
        <test-method status="FAIL" signature="tcTAFrameworkJAVADemo01(java.lang.String)[pri:0, instance:com.TAFrameworkJAVA.testscripts.demo.AspireTA_Java_Framework_Demo@65e98b1c]" name="tcTAFrameworkJAVADemo01" duration-ms="687306" started-at="2017-05-26T10:23:28Z" description="Search product in flipkart" data-provider="parallelTestDataProvider" finished-at="2017-05-26T10:34:56Z">
          <params>
            <param index="0">
              <value>
                <![CDATA[SauceLab link: <a href='http://saucelabs.com/jobs/d42be43ece99431fa0ade239c3c96df0?auth=049d549997e352bd2c307a4c714db0cf' target='_blank'>http://saucelabs.com/jobs/d42be43ece99431fa0ade239c3c96df0?auth=049d549997e352bd2c307a4c714db0cf</a>]]>
              </value>
            </param>
          </params>
          <exception class="org.openqa.selenium.WebDriverException">
            <message>
              <![CDATA[An unknown server-side error occurred while processing the command. Original error: Could not proxy. Proxy error: Could not proxy command to remote server. Original error: Error: ESOCKETTIMEDOUT (WARNING: The server did not provide any stacktrace information)
Command duration or timeout: 240.51 seconds
Build info: version: '2.53.1', revision: 'a36b8b1cd5757287168e54b817830adce9b0158d', time: '2016-06-30 19:26:09'
System info: host: 'aspire1235', ip: '172.24.130.58', os.name: 'Windows 7', os.arch: 'amd64', os.version: '6.1', java.version: '1.8.0_102'
Driver info: org.openqa.selenium.remote.RemoteWebDriver
Capabilities [{noReset=true, webdriver.remote.quietExceptions=true, deviceName=emulator-5554, platform=LINUX, deviceUDID=emulator-5554, desired={proxy={proxyAutoconfigUrl=http://127.0.0.1:19876/pac.js, proxyType=PAC}, orientation=PORTRAIT, noReset=true, maxTypingFrequency=8, newCommandTimeout=0, platformVersion=5.1, webdriver.remote.quietExceptions=true, browserName=browser, udid=emulator-5554, platformName=Android, eventTimings=true, deviceName=Android Emulator}, maxTypingFrequency=8, newCommandTimeout=0, platformVersion=5.1.1, webStorageEnabled=false, takesScreenshot=true, browserName=browser, javascriptEnabled=true, deviceManufacturer=unknown, platformName=Android, udid=emulator-5554, deviceScreenSize=480x800, orientation=PORTRAIT, networkConnectionEnabled=true, warnings={}, hasMetadata=true, databaseEnabled=false, proxy={proxyAutoconfigUrl=http://127.0.0.1:19876/pac.js, proxyType=PAC}, webdriver.remote.sessionid=d42be43ece99431fa0ade239c3c96df0, locationContextEnabled=false, deviceModel=Android SDK built for x86_64, eventTimings=true}]
Session ID: d42be43ece99431fa0ade239c3c96df0]]>
            </message>
            <full-stacktrace>
              <![CDATA[org.openqa.selenium.WebDriverException: An unknown server-side error occurred while processing the command. Original error: Could not proxy. Proxy error: Could not proxy command to remote server. Original error: Error: ESOCKETTIMEDOUT (WARNING: The server did not provide any stacktrace information)
Command duration or timeout: 240.51 seconds
Build info: version: '2.53.1', revision: 'a36b8b1cd5757287168e54b817830adce9b0158d', time: '2016-06-30 19:26:09'
System info: host: 'aspire1235', ip: '172.24.130.58', os.name: 'Windows 7', os.arch: 'amd64', os.version: '6.1', java.version: '1.8.0_102'
Driver info: org.openqa.selenium.remote.RemoteWebDriver
Capabilities [{noReset=true, webdriver.remote.quietExceptions=true, deviceName=emulator-5554, platform=LINUX, deviceUDID=emulator-5554, desired={proxy={proxyAutoconfigUrl=http://127.0.0.1:19876/pac.js, proxyType=PAC}, orientation=PORTRAIT, noReset=true, maxTypingFrequency=8, newCommandTimeout=0, platformVersion=5.1, webdriver.remote.quietExceptions=true, browserName=browser, udid=emulator-5554, platformName=Android, eventTimings=true, deviceName=Android Emulator}, maxTypingFrequency=8, newCommandTimeout=0, platformVersion=5.1.1, webStorageEnabled=false, takesScreenshot=true, browserName=browser, javascriptEnabled=true, deviceManufacturer=unknown, platformName=Android, udid=emulator-5554, deviceScreenSize=480x800, orientation=PORTRAIT, networkConnectionEnabled=true, warnings={}, hasMetadata=true, databaseEnabled=false, proxy={proxyAutoconfigUrl=http://127.0.0.1:19876/pac.js, proxyType=PAC}, webdriver.remote.sessionid=d42be43ece99431fa0ade239c3c96df0, locationContextEnabled=false, deviceModel=Android SDK built for x86_64, eventTimings=true}]
Session ID: d42be43ece99431fa0ade239c3c96df0
	at sun.reflect.NativeConstructorAccessorImpl.newInstance0(Native Method)
	at sun.reflect.NativeConstructorAccessorImpl.newInstance(NativeConstructorAccessorImpl.java:62)
	at sun.reflect.DelegatingConstructorAccessorImpl.newInstance(DelegatingConstructorAccessorImpl.java:45)
	at java.lang.reflect.Constructor.newInstance(Constructor.java:423)
	at org.openqa.selenium.remote.ErrorHandler.createThrowable(ErrorHandler.java:206)
	at org.openqa.selenium.remote.ErrorHandler.throwIfResponseFailed(ErrorHandler.java:158)
	at org.openqa.selenium.remote.RemoteWebDriver.execute(RemoteWebDriver.java:678)
	at org.openqa.selenium.remote.RemoteWebDriver.execute(RemoteWebDriver.java:701)
	at org.openqa.selenium.remote.RemoteWebDriver.getScreenshotAs(RemoteWebDriver.java:335)
	at com.TAFrameworkJAVA.support.ScreenshotManager.takeScreenshot(ScreenshotManager.java:26)
	at com.TAFrameworkJAVA.support.Log.takeScreenShot(Log.java:130)
	at com.TAFrameworkJAVA.support.Log.exception(Log.java:682)
	at com.TAFrameworkJAVA.testscripts.demo.AspireTA_Java_Framework_Demo.tcTAFrameworkJAVADemo01(AspireTA_Java_Framework_Demo.java:58)
	at sun.reflect.NativeMethodAccessorImpl.invoke0(Native Method)
	at sun.reflect.NativeMethodAccessorImpl.invoke(NativeMethodAccessorImpl.java:62)
	at sun.reflect.DelegatingMethodAccessorImpl.invoke(DelegatingMethodAccessorImpl.java:43)
	at java.lang.reflect.Method.invoke(Method.java:498)
	at org.testng.internal.MethodInvocationHelper.invokeMethod(MethodInvocationHelper.java:85)
	at org.testng.internal.Invoker.invokeMethod(Invoker.java:659)
	at org.testng.internal.Invoker.invokeTestMethod(Invoker.java:845)
	at org.testng.internal.TestMethodWithDataProviderMethodWorker.call(TestMethodWithDataProviderMethodWorker.java:75)
	at org.testng.internal.TestMethodWithDataProviderMethodWorker.call(TestMethodWithDataProviderMethodWorker.java:14)
	at java.util.concurrent.FutureTask.run(FutureTask.java:266)
	at java.util.concurrent.Executors$RunnableAdapter.call(Executors.java:511)
	at java.util.concurrent.FutureTask.run(FutureTask.java:266)
	at java.util.concurrent.ThreadPoolExecutor.runWorker(ThreadPoolExecutor.java:1142)
	at java.util.concurrent.ThreadPoolExecutor$Worker.run(ThreadPoolExecutor.java:617)
	at java.lang.Thread.run(Thread.java:745)
]]>
            </full-stacktrace>
          </exception> <!-- org.openqa.selenium.WebDriverException -->
          <reporter-output>
            <line>
              <![CDATA[&emsp;<div class="test-title"> <strong><font size = "3" color = "#000080">Sample test[Browser&5.1&Android || GOOGLE ]</font> </strong> </div>&emsp;<div><strong>Steps:</strong></div><!-- Report -->&emsp;]]>
            </line>
            <line>
              <![CDATA[<div class="test-event"> <font color="maroon"> <small> &emsp; &emsp;--- 26 May 10:26:39 665 - Page URL:: https://www.google.com/</small> </font> </div>]]>
            </line>
            <line>
              <![CDATA[<div class="test-event"> <font color="maroon"> <small> &emsp; &emsp;--- 26 May 10:26:42 478 - Page URL:: https://www.google.com/</small> </font> </div>]]>
            </line>
            <line>
              <![CDATA[<div class="test-event"> <font color="maroon"> <small> &emsp; &emsp;--- 26 May 10:26:43 770 - Element is displayed:: [[RemoteWebDriver: browser on LINUX (d42be43ece99431fa0ade239c3c96df0)] -> css selector: #lst-ib]</small> </font> </div>]]>
            </line>
            <line>
              <![CDATA[<div class="test-message">&emsp;Step 1. Navigated to 'google' Home Page!</div>]]>
            </line>
            <line>
              <![CDATA[<div class="test-event"> <font color="maroon"> <small> &emsp; &emsp;--- 26 May 10:26:44 701 - Element is displayed:: [[RemoteWebDriver: browser on LINUX (d42be43ece99431fa0ade239c3c96df0)] -> css selector: #lst-ib]</small> </font> </div>]]>
            </line>
            <line>
              <![CDATA[<div class="test-event"> <font color="maroon"> <small> &emsp; &emsp;--- 26 May 10:26:47 576 - Element is displayed:: [[RemoteWebDriver: browser on LINUX (d42be43ece99431fa0ade239c3c96df0)] -> css selector: div.sbico]</small> </font> </div>]]>
            </line>
            <line>
              <![CDATA[<div class="test-event"> <font color="maroon"> <small> &emsp; &emsp;--- 26 May 10:26:54 412 - Page URL:: https://www.google.com/search?site=&source=hp&ei=g7unwcttj4we0wktrzcocw&q=text&oq=text&gs_l=mobile-gws-hp.12..0l5.9674.9793.0.11589.5.4.0.1.1.0.170.489.2j2.4.0.crnk_qsd...0...1..64.mobile-gws-hp..2.2.320.0..0i131k1.zqwzrx59nta</small> </font> </div>]]>
            </line>
          </reporter-output>
        </test-method> <!-- tcTAFrameworkJAVADemo01 -->
        <test-method status="PASS" signature="beforeMethod()[pri:0, instance:com.TAFrameworkJAVA.testscripts.demo.AspireTA_Java_Framework_Demo@65e98b1c]" name="beforeMethod" is-config="true" duration-ms="0" started-at="2017-05-26T10:23:28Z" finished-at="2017-05-26T10:23:28Z">
          <reporter-output>
          </reporter-output>
        </test-method> <!-- beforeMethod -->
        <test-method status="PASS" signature="afterMethod(org.testng.ITestContext)[pri:0, instance:com.TAFrameworkJAVA.testscripts.demo.AspireTA_Java_Framework_Demo@65e98b1c]" name="afterMethod" is-config="true" duration-ms="1" started-at="2017-05-26T10:34:56Z" finished-at="2017-05-26T10:34:56Z">
          <params>
            <param index="0">
              <value>
                <![CDATA[org.testng.TestRunner@6f615782]]>
              </value>
            </param>
          </params>
          <reporter-output>
          </reporter-output>
        </test-method> <!-- afterMethod -->
        <test-method status="PASS" signature="afterSuite()[pri:0, instance:com.TAFrameworkJAVA.testscripts.demo.AspireTA_Java_Framework_Demo@65e98b1c]" name="afterSuite" is-config="true" duration-ms="246" started-at="2017-05-26T10:34:56Z" finished-at="2017-05-26T10:34:56Z">
          <reporter-output>
          </reporter-output>
        </test-method> <!-- afterSuite -->
      </class> <!-- com.TAFrameworkJAVA.testscripts.demo.AspireTA_Java_Framework_Demo -->
    </test> <!-- Aspire TA Generic Framework -->
  </suite> <!-- AFTA_DEMO -->
</testng-results>
